2022-08-30 19:32:54,390 root INFO Test execution started: login.login
2022-08-30 19:32:54,390 root INFO Browser: chrome
2022-08-30 19:32:54,391 root INFO Test started: test
2022-08-30 19:32:54,391 root INFO Navigate to: 'https://staging.nalarocks.com/'
2022-08-30 19:32:55,395 selenium.webdriver.remote.remote_connection DEBUG POST http://127.0.0.1:41505/session {"capabilities": {"firstMatch": [{}], "alwaysMatch": {"browserName": "chrome", "platformName": "any", "goog:chromeOptions": {"extensions": [], "args": ["start-maximized"]}}}, "desiredCapabilities": {"browserName": "chrome", "version": "", "platform": "ANY", "goog:chromeOptions": {"extensions": [], "args": ["start-maximized"]}}}
2022-08-30 19:32:55,397 urllib3.connectionpool DEBUG Starting new HTTP connection (1): 127.0.0.1:41505
2022-08-30 19:32:55,725 urllib3.connectionpool DEBUG http://127.0.0.1:41505 "POST /session HTTP/1.1" 200 754
2022-08-30 19:32:55,725 selenium.webdriver.remote.remote_connection DEBUG Finished Request
2022-08-30 19:32:55,725 selenium.webdriver.remote.remote_connection DEBUG POST http://127.0.0.1:41505/session/5ba80dcebcd77e355c1a5309f9b2d240/window/maximize {}
2022-08-30 19:32:55,726 urllib3.connectionpool DEBUG http://127.0.0.1:41505 "POST /session/5ba80dcebcd77e355c1a5309f9b2d240/window/maximize HTTP/1.1" 200 50
2022-08-30 19:32:55,727 selenium.webdriver.remote.remote_connection DEBUG Finished Request
2022-08-30 19:32:55,727 selenium.webdriver.remote.remote_connection DEBUG POST http://127.0.0.1:41505/session/5ba80dcebcd77e355c1a5309f9b2d240/url {"url": "https://staging.nalarocks.com/"}
2022-08-30 19:32:56,605 urllib3.connectionpool DEBUG http://127.0.0.1:41505 "POST /session/5ba80dcebcd77e355c1a5309f9b2d240/url HTTP/1.1" 200 14
2022-08-30 19:32:56,605 selenium.webdriver.remote.remote_connection DEBUG Finished Request
2022-08-30 19:32:56,606 selenium.webdriver.remote.remote_connection DEBUG POST http://127.0.0.1:41505/session/5ba80dcebcd77e355c1a5309f9b2d240/element {"using": "css selector", "value": "data-testid=\"input-text-controller\""}
2022-08-30 19:32:56,615 urllib3.connectionpool DEBUG http://127.0.0.1:41505 "POST /session/5ba80dcebcd77e355c1a5309f9b2d240/element HTTP/1.1" 400 930
2022-08-30 19:32:56,615 selenium.webdriver.remote.remote_connection DEBUG Finished Request
2022-08-30 19:32:57,116 root DEBUG Element not found yet, remaining time: 19.49
2022-08-30 19:32:57,116 selenium.webdriver.remote.remote_connection DEBUG POST http://127.0.0.1:41505/session/5ba80dcebcd77e355c1a5309f9b2d240/element {"using": "css selector", "value": "data-testid=\"input-text-controller\""}
2022-08-30 19:32:57,135 urllib3.connectionpool DEBUG http://127.0.0.1:41505 "POST /session/5ba80dcebcd77e355c1a5309f9b2d240/element HTTP/1.1" 400 930
2022-08-30 19:32:57,136 selenium.webdriver.remote.remote_connection DEBUG Finished Request
2022-08-30 19:32:57,637 root DEBUG Element not found yet, remaining time: 18.97
2022-08-30 19:32:57,637 selenium.webdriver.remote.remote_connection DEBUG POST http://127.0.0.1:41505/session/5ba80dcebcd77e355c1a5309f9b2d240/element {"using": "css selector", "value": "data-testid=\"input-text-controller\""}
2022-08-30 19:32:57,642 urllib3.connectionpool DEBUG http://127.0.0.1:41505 "POST /session/5ba80dcebcd77e355c1a5309f9b2d240/element HTTP/1.1" 400 930
2022-08-30 19:32:57,642 selenium.webdriver.remote.remote_connection DEBUG Finished Request
2022-08-30 19:32:58,142 root DEBUG Element not found yet, remaining time: 18.46
2022-08-30 19:32:58,143 selenium.webdriver.remote.remote_connection DEBUG POST http://127.0.0.1:41505/session/5ba80dcebcd77e355c1a5309f9b2d240/element {"using": "css selector", "value": "data-testid=\"input-text-controller\""}
2022-08-30 19:32:58,163 urllib3.connectionpool DEBUG http://127.0.0.1:41505 "POST /session/5ba80dcebcd77e355c1a5309f9b2d240/element HTTP/1.1" 400 930
2022-08-30 19:32:58,163 selenium.webdriver.remote.remote_connection DEBUG Finished Request
2022-08-30 19:32:58,664 root DEBUG Element not found yet, remaining time: 17.94
2022-08-30 19:32:58,664 selenium.webdriver.remote.remote_connection DEBUG POST http://127.0.0.1:41505/session/5ba80dcebcd77e355c1a5309f9b2d240/element {"using": "css selector", "value": "data-testid=\"input-text-controller\""}
2022-08-30 19:32:58,669 urllib3.connectionpool DEBUG http://127.0.0.1:41505 "POST /session/5ba80dcebcd77e355c1a5309f9b2d240/element HTTP/1.1" 400 930
2022-08-30 19:32:58,669 selenium.webdriver.remote.remote_connection DEBUG Finished Request
2022-08-30 19:32:59,170 root DEBUG Element not found yet, remaining time: 17.44
2022-08-30 19:32:59,170 selenium.webdriver.remote.remote_connection DEBUG POST http://127.0.0.1:41505/session/5ba80dcebcd77e355c1a5309f9b2d240/element {"using": "css selector", "value": "data-testid=\"input-text-controller\""}
2022-08-30 19:32:59,190 urllib3.connectionpool DEBUG http://127.0.0.1:41505 "POST /session/5ba80dcebcd77e355c1a5309f9b2d240/element HTTP/1.1" 400 930
2022-08-30 19:32:59,191 selenium.webdriver.remote.remote_connection DEBUG Finished Request
2022-08-30 19:32:59,692 root DEBUG Element not found yet, remaining time: 16.91
2022-08-30 19:32:59,692 selenium.webdriver.remote.remote_connection DEBUG POST http://127.0.0.1:41505/session/5ba80dcebcd77e355c1a5309f9b2d240/element {"using": "css selector", "value": "data-testid=\"input-text-controller\""}
2022-08-30 19:32:59,711 urllib3.connectionpool DEBUG http://127.0.0.1:41505 "POST /session/5ba80dcebcd77e355c1a5309f9b2d240/element HTTP/1.1" 400 930
2022-08-30 19:32:59,712 selenium.webdriver.remote.remote_connection DEBUG Finished Request
2022-08-30 19:33:00,213 root DEBUG Element not found yet, remaining time: 16.39
2022-08-30 19:33:00,213 selenium.webdriver.remote.remote_connection DEBUG POST http://127.0.0.1:41505/session/5ba80dcebcd77e355c1a5309f9b2d240/element {"using": "css selector", "value": "data-testid=\"input-text-controller\""}
2022-08-30 19:33:00,217 urllib3.connectionpool DEBUG http://127.0.0.1:41505 "POST /session/5ba80dcebcd77e355c1a5309f9b2d240/element HTTP/1.1" 400 930
2022-08-30 19:33:00,217 selenium.webdriver.remote.remote_connection DEBUG Finished Request
2022-08-30 19:33:00,718 root DEBUG Element not found yet, remaining time: 15.89
2022-08-30 19:33:00,718 selenium.webdriver.remote.remote_connection DEBUG POST http://127.0.0.1:41505/session/5ba80dcebcd77e355c1a5309f9b2d240/element {"using": "css selector", "value": "data-testid=\"input-text-controller\""}
2022-08-30 19:33:00,738 urllib3.connectionpool DEBUG http://127.0.0.1:41505 "POST /session/5ba80dcebcd77e355c1a5309f9b2d240/element HTTP/1.1" 400 930
2022-08-30 19:33:00,739 selenium.webdriver.remote.remote_connection DEBUG Finished Request
2022-08-30 19:33:01,240 root DEBUG Element not found yet, remaining time: 15.37
2022-08-30 19:33:01,240 selenium.webdriver.remote.remote_connection DEBUG POST http://127.0.0.1:41505/session/5ba80dcebcd77e355c1a5309f9b2d240/element {"using": "css selector", "value": "data-testid=\"input-text-controller\""}
2022-08-30 19:33:01,259 urllib3.connectionpool DEBUG http://127.0.0.1:41505 "POST /session/5ba80dcebcd77e355c1a5309f9b2d240/element HTTP/1.1" 400 930
2022-08-30 19:33:01,260 selenium.webdriver.remote.remote_connection DEBUG Finished Request
2022-08-30 19:33:01,761 root DEBUG Element not found yet, remaining time: 14.85
2022-08-30 19:33:01,761 selenium.webdriver.remote.remote_connection DEBUG POST http://127.0.0.1:41505/session/5ba80dcebcd77e355c1a5309f9b2d240/element {"using": "css selector", "value": "data-testid=\"input-text-controller\""}
2022-08-30 19:33:01,781 urllib3.connectionpool DEBUG http://127.0.0.1:41505 "POST /session/5ba80dcebcd77e355c1a5309f9b2d240/element HTTP/1.1" 400 930
2022-08-30 19:33:01,782 selenium.webdriver.remote.remote_connection DEBUG Finished Request
2022-08-30 19:33:02,282 root DEBUG Element not found yet, remaining time: 14.32
2022-08-30 19:33:02,283 selenium.webdriver.remote.remote_connection DEBUG POST http://127.0.0.1:41505/session/5ba80dcebcd77e355c1a5309f9b2d240/element {"using": "css selector", "value": "data-testid=\"input-text-controller\""}
2022-08-30 19:33:02,302 urllib3.connectionpool DEBUG http://127.0.0.1:41505 "POST /session/5ba80dcebcd77e355c1a5309f9b2d240/element HTTP/1.1" 400 930
2022-08-30 19:33:02,303 selenium.webdriver.remote.remote_connection DEBUG Finished Request
2022-08-30 19:33:02,804 root DEBUG Element not found yet, remaining time: 13.80
2022-08-30 19:33:02,804 selenium.webdriver.remote.remote_connection DEBUG POST http://127.0.0.1:41505/session/5ba80dcebcd77e355c1a5309f9b2d240/element {"using": "css selector", "value": "data-testid=\"input-text-controller\""}
2022-08-30 19:33:02,823 urllib3.connectionpool DEBUG http://127.0.0.1:41505 "POST /session/5ba80dcebcd77e355c1a5309f9b2d240/element HTTP/1.1" 400 930
2022-08-30 19:33:02,824 selenium.webdriver.remote.remote_connection DEBUG Finished Request
2022-08-30 19:33:03,325 root DEBUG Element not found yet, remaining time: 13.28
2022-08-30 19:33:03,325 selenium.webdriver.remote.remote_connection DEBUG POST http://127.0.0.1:41505/session/5ba80dcebcd77e355c1a5309f9b2d240/element {"using": "css selector", "value": "data-testid=\"input-text-controller\""}
2022-08-30 19:33:03,345 urllib3.connectionpool DEBUG http://127.0.0.1:41505 "POST /session/5ba80dcebcd77e355c1a5309f9b2d240/element HTTP/1.1" 400 930
2022-08-30 19:33:03,346 selenium.webdriver.remote.remote_connection DEBUG Finished Request
2022-08-30 19:33:03,847 root DEBUG Element not found yet, remaining time: 12.76
2022-08-30 19:33:03,847 selenium.webdriver.remote.remote_connection DEBUG POST http://127.0.0.1:41505/session/5ba80dcebcd77e355c1a5309f9b2d240/element {"using": "css selector", "value": "data-testid=\"input-text-controller\""}
2022-08-30 19:33:03,861 urllib3.connectionpool DEBUG http://127.0.0.1:41505 "POST /session/5ba80dcebcd77e355c1a5309f9b2d240/element HTTP/1.1" 400 930
2022-08-30 19:33:03,861 selenium.webdriver.remote.remote_connection DEBUG Finished Request
2022-08-30 19:33:04,362 root DEBUG Element not found yet, remaining time: 12.24
2022-08-30 19:33:04,362 selenium.webdriver.remote.remote_connection DEBUG POST http://127.0.0.1:41505/session/5ba80dcebcd77e355c1a5309f9b2d240/element {"using": "css selector", "value": "data-testid=\"input-text-controller\""}
2022-08-30 19:33:04,382 urllib3.connectionpool DEBUG http://127.0.0.1:41505 "POST /session/5ba80dcebcd77e355c1a5309f9b2d240/element HTTP/1.1" 400 930
2022-08-30 19:33:04,383 selenium.webdriver.remote.remote_connection DEBUG Finished Request
2022-08-30 19:33:04,884 root DEBUG Element not found yet, remaining time: 11.72
2022-08-30 19:33:04,884 selenium.webdriver.remote.remote_connection DEBUG POST http://127.0.0.1:41505/session/5ba80dcebcd77e355c1a5309f9b2d240/element {"using": "css selector", "value": "data-testid=\"input-text-controller\""}
2022-08-30 19:33:04,899 urllib3.connectionpool DEBUG http://127.0.0.1:41505 "POST /session/5ba80dcebcd77e355c1a5309f9b2d240/element HTTP/1.1" 400 930
2022-08-30 19:33:04,899 selenium.webdriver.remote.remote_connection DEBUG Finished Request
2022-08-30 19:33:05,400 root DEBUG Element not found yet, remaining time: 11.21
2022-08-30 19:33:05,400 selenium.webdriver.remote.remote_connection DEBUG POST http://127.0.0.1:41505/session/5ba80dcebcd77e355c1a5309f9b2d240/element {"using": "css selector", "value": "data-testid=\"input-text-controller\""}
2022-08-30 19:33:05,420 urllib3.connectionpool DEBUG http://127.0.0.1:41505 "POST /session/5ba80dcebcd77e355c1a5309f9b2d240/element HTTP/1.1" 400 930
2022-08-30 19:33:05,421 selenium.webdriver.remote.remote_connection DEBUG Finished Request
2022-08-30 19:33:05,922 root DEBUG Element not found yet, remaining time: 10.68
2022-08-30 19:33:05,922 selenium.webdriver.remote.remote_connection DEBUG POST http://127.0.0.1:41505/session/5ba80dcebcd77e355c1a5309f9b2d240/element {"using": "css selector", "value": "data-testid=\"input-text-controller\""}
2022-08-30 19:33:05,942 urllib3.connectionpool DEBUG http://127.0.0.1:41505 "POST /session/5ba80dcebcd77e355c1a5309f9b2d240/element HTTP/1.1" 400 930
2022-08-30 19:33:05,943 selenium.webdriver.remote.remote_connection DEBUG Finished Request
2022-08-30 19:33:06,443 root DEBUG Element not found yet, remaining time: 10.16
2022-08-30 19:33:06,444 selenium.webdriver.remote.remote_connection DEBUG POST http://127.0.0.1:41505/session/5ba80dcebcd77e355c1a5309f9b2d240/element {"using": "css selector", "value": "data-testid=\"input-text-controller\""}
2022-08-30 19:33:06,451 urllib3.connectionpool DEBUG http://127.0.0.1:41505 "POST /session/5ba80dcebcd77e355c1a5309f9b2d240/element HTTP/1.1" 500 822
2022-08-30 19:33:06,451 selenium.webdriver.remote.remote_connection DEBUG Finished Request
2022-08-30 19:33:06,952 root DEBUG Element not found yet, remaining time: 9.65
2022-08-30 19:33:06,953 selenium.webdriver.remote.remote_connection DEBUG POST http://127.0.0.1:41505/session/5ba80dcebcd77e355c1a5309f9b2d240/element {"using": "css selector", "value": "data-testid=\"input-text-controller\""}
2022-08-30 19:33:06,960 urllib3.connectionpool DEBUG http://127.0.0.1:41505 "POST /session/5ba80dcebcd77e355c1a5309f9b2d240/element HTTP/1.1" 500 822
2022-08-30 19:33:06,960 selenium.webdriver.remote.remote_connection DEBUG Finished Request
2022-08-30 19:33:07,461 root DEBUG Element not found yet, remaining time: 9.14
2022-08-30 19:33:07,461 selenium.webdriver.remote.remote_connection DEBUG POST http://127.0.0.1:41505/session/5ba80dcebcd77e355c1a5309f9b2d240/element {"using": "css selector", "value": "data-testid=\"input-text-controller\""}
2022-08-30 19:33:07,468 urllib3.connectionpool DEBUG http://127.0.0.1:41505 "POST /session/5ba80dcebcd77e355c1a5309f9b2d240/element HTTP/1.1" 500 822
2022-08-30 19:33:07,469 selenium.webdriver.remote.remote_connection DEBUG Finished Request
2022-08-30 19:33:07,970 root DEBUG Element not found yet, remaining time: 8.64
2022-08-30 19:33:07,970 selenium.webdriver.remote.remote_connection DEBUG POST http://127.0.0.1:41505/session/5ba80dcebcd77e355c1a5309f9b2d240/element {"using": "css selector", "value": "data-testid=\"input-text-controller\""}
2022-08-30 19:33:07,977 urllib3.connectionpool DEBUG http://127.0.0.1:41505 "POST /session/5ba80dcebcd77e355c1a5309f9b2d240/element HTTP/1.1" 500 822
2022-08-30 19:33:07,978 selenium.webdriver.remote.remote_connection DEBUG Finished Request
2022-08-30 19:33:08,479 root DEBUG Element not found yet, remaining time: 8.13
2022-08-30 19:33:08,479 selenium.webdriver.remote.remote_connection DEBUG POST http://127.0.0.1:41505/session/5ba80dcebcd77e355c1a5309f9b2d240/element {"using": "css selector", "value": "data-testid=\"input-text-controller\""}
2022-08-30 19:33:08,486 urllib3.connectionpool DEBUG http://127.0.0.1:41505 "POST /session/5ba80dcebcd77e355c1a5309f9b2d240/element HTTP/1.1" 500 822
2022-08-30 19:33:08,487 selenium.webdriver.remote.remote_connection DEBUG Finished Request
2022-08-30 19:33:08,988 root DEBUG Element not found yet, remaining time: 7.62
2022-08-30 19:33:08,988 selenium.webdriver.remote.remote_connection DEBUG POST http://127.0.0.1:41505/session/5ba80dcebcd77e355c1a5309f9b2d240/element {"using": "css selector", "value": "data-testid=\"input-text-controller\""}
2022-08-30 19:33:08,995 urllib3.connectionpool DEBUG http://127.0.0.1:41505 "POST /session/5ba80dcebcd77e355c1a5309f9b2d240/element HTTP/1.1" 500 822
2022-08-30 19:33:08,995 selenium.webdriver.remote.remote_connection DEBUG Finished Request
2022-08-30 19:33:09,496 root DEBUG Element not found yet, remaining time: 7.11
2022-08-30 19:33:09,497 selenium.webdriver.remote.remote_connection DEBUG POST http://127.0.0.1:41505/session/5ba80dcebcd77e355c1a5309f9b2d240/element {"using": "css selector", "value": "data-testid=\"input-text-controller\""}
2022-08-30 19:33:09,504 urllib3.connectionpool DEBUG http://127.0.0.1:41505 "POST /session/5ba80dcebcd77e355c1a5309f9b2d240/element HTTP/1.1" 500 822
2022-08-30 19:33:09,504 selenium.webdriver.remote.remote_connection DEBUG Finished Request
2022-08-30 19:33:10,005 root DEBUG Element not found yet, remaining time: 6.60
2022-08-30 19:33:10,006 selenium.webdriver.remote.remote_connection DEBUG POST http://127.0.0.1:41505/session/5ba80dcebcd77e355c1a5309f9b2d240/element {"using": "css selector", "value": "data-testid=\"input-text-controller\""}
2022-08-30 19:33:10,013 urllib3.connectionpool DEBUG http://127.0.0.1:41505 "POST /session/5ba80dcebcd77e355c1a5309f9b2d240/element HTTP/1.1" 500 822
2022-08-30 19:33:10,013 selenium.webdriver.remote.remote_connection DEBUG Finished Request
2022-08-30 19:33:10,514 root DEBUG Element not found yet, remaining time: 6.09
2022-08-30 19:33:10,514 selenium.webdriver.remote.remote_connection DEBUG POST http://127.0.0.1:41505/session/5ba80dcebcd77e355c1a5309f9b2d240/element {"using": "css selector", "value": "data-testid=\"input-text-controller\""}
2022-08-30 19:33:10,521 urllib3.connectionpool DEBUG http://127.0.0.1:41505 "POST /session/5ba80dcebcd77e355c1a5309f9b2d240/element HTTP/1.1" 500 822
2022-08-30 19:33:10,522 selenium.webdriver.remote.remote_connection DEBUG Finished Request
2022-08-30 19:33:11,023 root DEBUG Element not found yet, remaining time: 5.58
2022-08-30 19:33:11,023 selenium.webdriver.remote.remote_connection DEBUG POST http://127.0.0.1:41505/session/5ba80dcebcd77e355c1a5309f9b2d240/element {"using": "css selector", "value": "data-testid=\"input-text-controller\""}
2022-08-30 19:33:11,028 urllib3.connectionpool DEBUG http://127.0.0.1:41505 "POST /session/5ba80dcebcd77e355c1a5309f9b2d240/element HTTP/1.1" 500 822
2022-08-30 19:33:11,029 selenium.webdriver.remote.remote_connection DEBUG Finished Request
2022-08-30 19:33:11,530 root DEBUG Element not found yet, remaining time: 5.08
2022-08-30 19:33:11,530 selenium.webdriver.remote.remote_connection DEBUG POST http://127.0.0.1:41505/session/5ba80dcebcd77e355c1a5309f9b2d240/element {"using": "css selector", "value": "data-testid=\"input-text-controller\""}
2022-08-30 19:33:11,531 urllib3.connectionpool DEBUG http://127.0.0.1:41505 "POST /session/5ba80dcebcd77e355c1a5309f9b2d240/element HTTP/1.1" 500 822
2022-08-30 19:33:11,531 selenium.webdriver.remote.remote_connection DEBUG Finished Request
2022-08-30 19:33:12,032 root DEBUG Element not found yet, remaining time: 4.57
2022-08-30 19:33:12,033 selenium.webdriver.remote.remote_connection DEBUG POST http://127.0.0.1:41505/session/5ba80dcebcd77e355c1a5309f9b2d240/element {"using": "css selector", "value": "data-testid=\"input-text-controller\""}
2022-08-30 19:33:12,039 urllib3.connectionpool DEBUG http://127.0.0.1:41505 "POST /session/5ba80dcebcd77e355c1a5309f9b2d240/element HTTP/1.1" 500 822
2022-08-30 19:33:12,040 selenium.webdriver.remote.remote_connection DEBUG Finished Request
2022-08-30 19:33:12,541 root DEBUG Element not found yet, remaining time: 4.06
2022-08-30 19:33:12,541 selenium.webdriver.remote.remote_connection DEBUG POST http://127.0.0.1:41505/session/5ba80dcebcd77e355c1a5309f9b2d240/element {"using": "css selector", "value": "data-testid=\"input-text-controller\""}
2022-08-30 19:33:12,548 urllib3.connectionpool DEBUG http://127.0.0.1:41505 "POST /session/5ba80dcebcd77e355c1a5309f9b2d240/element HTTP/1.1" 500 822
2022-08-30 19:33:12,549 selenium.webdriver.remote.remote_connection DEBUG Finished Request
2022-08-30 19:33:13,050 root DEBUG Element not found yet, remaining time: 3.56
2022-08-30 19:33:13,050 selenium.webdriver.remote.remote_connection DEBUG POST http://127.0.0.1:41505/session/5ba80dcebcd77e355c1a5309f9b2d240/element {"using": "css selector", "value": "data-testid=\"input-text-controller\""}
2022-08-30 19:33:13,051 urllib3.connectionpool DEBUG http://127.0.0.1:41505 "POST /session/5ba80dcebcd77e355c1a5309f9b2d240/element HTTP/1.1" 500 822
2022-08-30 19:33:13,051 selenium.webdriver.remote.remote_connection DEBUG Finished Request
2022-08-30 19:33:13,552 root DEBUG Element not found yet, remaining time: 3.05
2022-08-30 19:33:13,552 selenium.webdriver.remote.remote_connection DEBUG POST http://127.0.0.1:41505/session/5ba80dcebcd77e355c1a5309f9b2d240/element {"using": "css selector", "value": "data-testid=\"input-text-controller\""}
2022-08-30 19:33:13,554 urllib3.connectionpool DEBUG http://127.0.0.1:41505 "POST /session/5ba80dcebcd77e355c1a5309f9b2d240/element HTTP/1.1" 500 822
2022-08-30 19:33:13,554 selenium.webdriver.remote.remote_connection DEBUG Finished Request
2022-08-30 19:33:14,055 root DEBUG Element not found yet, remaining time: 2.55
2022-08-30 19:33:14,055 selenium.webdriver.remote.remote_connection DEBUG POST http://127.0.0.1:41505/session/5ba80dcebcd77e355c1a5309f9b2d240/element {"using": "css selector", "value": "data-testid=\"input-text-controller\""}
2022-08-30 19:33:14,056 urllib3.connectionpool DEBUG http://127.0.0.1:41505 "POST /session/5ba80dcebcd77e355c1a5309f9b2d240/element HTTP/1.1" 500 822
2022-08-30 19:33:14,056 selenium.webdriver.remote.remote_connection DEBUG Finished Request
2022-08-30 19:33:14,557 root DEBUG Element not found yet, remaining time: 2.05
2022-08-30 19:33:14,557 selenium.webdriver.remote.remote_connection DEBUG POST http://127.0.0.1:41505/session/5ba80dcebcd77e355c1a5309f9b2d240/element {"using": "css selector", "value": "data-testid=\"input-text-controller\""}
2022-08-30 19:33:14,559 urllib3.connectionpool DEBUG http://127.0.0.1:41505 "POST /session/5ba80dcebcd77e355c1a5309f9b2d240/element HTTP/1.1" 500 822
2022-08-30 19:33:14,559 selenium.webdriver.remote.remote_connection DEBUG Finished Request
2022-08-30 19:33:15,060 root DEBUG Element not found yet, remaining time: 1.55
2022-08-30 19:33:15,060 selenium.webdriver.remote.remote_connection DEBUG POST http://127.0.0.1:41505/session/5ba80dcebcd77e355c1a5309f9b2d240/element {"using": "css selector", "value": "data-testid=\"input-text-controller\""}
2022-08-30 19:33:15,067 urllib3.connectionpool DEBUG http://127.0.0.1:41505 "POST /session/5ba80dcebcd77e355c1a5309f9b2d240/element HTTP/1.1" 500 822
2022-08-30 19:33:15,068 selenium.webdriver.remote.remote_connection DEBUG Finished Request
2022-08-30 19:33:15,569 root DEBUG Element not found yet, remaining time: 1.04
2022-08-30 19:33:15,569 selenium.webdriver.remote.remote_connection DEBUG POST http://127.0.0.1:41505/session/5ba80dcebcd77e355c1a5309f9b2d240/element {"using": "css selector", "value": "data-testid=\"input-text-controller\""}
2022-08-30 19:33:15,576 urllib3.connectionpool DEBUG http://127.0.0.1:41505 "POST /session/5ba80dcebcd77e355c1a5309f9b2d240/element HTTP/1.1" 500 822
2022-08-30 19:33:15,577 selenium.webdriver.remote.remote_connection DEBUG Finished Request
2022-08-30 19:33:16,077 root DEBUG Element not found yet, remaining time: 0.53
2022-08-30 19:33:16,077 selenium.webdriver.remote.remote_connection DEBUG POST http://127.0.0.1:41505/session/5ba80dcebcd77e355c1a5309f9b2d240/element {"using": "css selector", "value": "data-testid=\"input-text-controller\""}
2022-08-30 19:33:16,079 urllib3.connectionpool DEBUG http://127.0.0.1:41505 "POST /session/5ba80dcebcd77e355c1a5309f9b2d240/element HTTP/1.1" 500 822
2022-08-30 19:33:16,079 selenium.webdriver.remote.remote_connection DEBUG Finished Request
2022-08-30 19:33:16,580 root DEBUG Element not found yet, remaining time: 0.03
2022-08-30 19:33:16,580 selenium.webdriver.remote.remote_connection DEBUG POST http://127.0.0.1:41505/session/5ba80dcebcd77e355c1a5309f9b2d240/element {"using": "css selector", "value": "data-testid=\"input-text-controller\""}
2022-08-30 19:33:16,587 urllib3.connectionpool DEBUG http://127.0.0.1:41505 "POST /session/5ba80dcebcd77e355c1a5309f9b2d240/element HTTP/1.1" 500 822
2022-08-30 19:33:16,588 selenium.webdriver.remote.remote_connection DEBUG Finished Request
2022-08-30 19:33:17,088 root DEBUG Element not found yet, remaining time: -0.48
2022-08-30 19:33:17,089 selenium.webdriver.remote.remote_connection DEBUG POST http://127.0.0.1:41505/session/5ba80dcebcd77e355c1a5309f9b2d240/element {"using": "css selector", "value": "data-testid=\"input-text-controller\""}
2022-08-30 19:33:17,096 urllib3.connectionpool DEBUG http://127.0.0.1:41505 "POST /session/5ba80dcebcd77e355c1a5309f9b2d240/element HTTP/1.1" 500 822
2022-08-30 19:33:17,096 selenium.webdriver.remote.remote_connection DEBUG Finished Request
2022-08-30 19:33:17,100 root ERROR ElementNotFound: Element data-testid="input-text-controller" not found using selector css:'data-testid="input-text-controller"'
Traceback (most recent call last):
  File "/home/lautaro/env/lib/python3.10/site-packages/golem/test_runner/test_runner.py", line 202, in run_test_function
    f(execution.data)
  File "/home/lautaro/test_directory/projects/nala/tests/login/login.py", line 6, in test
    send_keys(('data-testid="input-text-controller"'), 'nala@nalarocks.com')
  File "/home/lautaro/env/lib/python3.10/site-packages/golem/actions.py", line 1576, in send_keys
    element = get_browser().find(element)
  File "/home/lautaro/env/lib/python3.10/site-packages/golem/webdriver/extended_driver.py", line 177, in find
    return common._find(self, element, id, name, link_text, partial_link_text, css,
  File "/home/lautaro/env/lib/python3.10/site-packages/golem/webdriver/common.py", line 130, in _find
    webelement = _find_webelement(self, selector_type, selector_value, element_name,
  File "/home/lautaro/env/lib/python3.10/site-packages/golem/webdriver/common.py", line 46, in _find_webelement
    raise ElementNotFound('Element {0} not found using selector {1}:\'{2}\''
golem.core.exceptions.ElementNotFound: Element data-testid="input-text-controller" not found using selector css:'data-testid="input-text-controller"'
2022-08-30 19:33:17,101 selenium.webdriver.remote.remote_connection DEBUG GET http://127.0.0.1:41505/session/5ba80dcebcd77e355c1a5309f9b2d240/screenshot {}
2022-08-30 19:33:17,107 urllib3.connectionpool DEBUG http://127.0.0.1:41505 "GET /session/5ba80dcebcd77e355c1a5309f9b2d240/screenshot HTTP/1.1" 500 822
2022-08-30 19:33:17,108 selenium.webdriver.remote.remote_connection DEBUG Finished Request
2022-08-30 19:33:17,109 root WARNING There was an error while taking screenshot:
Traceback (most recent call last):
  File "/home/lautaro/env/lib/python3.10/site-packages/golem/test_runner/test_runner.py", line 202, in run_test_function
    f(execution.data)
  File "/home/lautaro/test_directory/projects/nala/tests/login/login.py", line 6, in test
    send_keys(('data-testid="input-text-controller"'), 'nala@nalarocks.com')
  File "/home/lautaro/env/lib/python3.10/site-packages/golem/actions.py", line 1576, in send_keys
    element = get_browser().find(element)
  File "/home/lautaro/env/lib/python3.10/site-packages/golem/webdriver/extended_driver.py", line 177, in find
    return common._find(self, element, id, name, link_text, partial_link_text, css,
  File "/home/lautaro/env/lib/python3.10/site-packages/golem/webdriver/common.py", line 130, in _find
    webelement = _find_webelement(self, selector_type, selector_value, element_name,
  File "/home/lautaro/env/lib/python3.10/site-packages/golem/webdriver/common.py", line 46, in _find_webelement
    raise ElementNotFound('Element {0} not found using selector {1}:\'{2}\''
golem.core.exceptions.ElementNotFound: Element data-testid="input-text-controller" not found using selector css:'data-testid="input-text-controller"'

During handling of the above exception, another exception occurred:

Traceback (most recent call last):
  File "/home/lautaro/env/lib/python3.10/site-packages/golem/actions.py", line 154, in _screenshot_on_condition
    screenshot_filename = _capture_screenshot(screenshot_name)
  File "/home/lautaro/env/lib/python3.10/site-packages/golem/actions.py", line 96, in _capture_screenshot
    get_browser().get_screenshot_as_file(screenshot_path)
  File "/home/lautaro/env/lib/python3.10/site-packages/selenium/webdriver/remote/webdriver.py", line 1032, in get_screenshot_as_file
    png = self.get_screenshot_as_png()
  File "/home/lautaro/env/lib/python3.10/site-packages/selenium/webdriver/remote/webdriver.py", line 1064, in get_screenshot_as_png
    return base64.b64decode(self.get_screenshot_as_base64().encode('ascii'))
  File "/home/lautaro/env/lib/python3.10/site-packages/selenium/webdriver/remote/webdriver.py", line 1074, in get_screenshot_as_base64
    return self.execute(Command.SCREENSHOT)['value']
  File "/home/lautaro/env/lib/python3.10/site-packages/selenium/webdriver/remote/webdriver.py", line 321, in execute
    self.error_handler.check_response(response)
  File "/home/lautaro/env/lib/python3.10/site-packages/selenium/webdriver/remote/errorhandler.py", line 242, in check_response
    raise exception_class(message, screen, stacktrace)
selenium.common.exceptions.WebDriverException: Message: chrome not reachable
  (Session info: chrome=104.0.5112.101)


2022-08-30 19:33:17,109 root INFO Test Result: CODE ERROR
2022-08-30 19:33:17,113 root DEBUG test does not have a teardown function
2022-08-30 19:33:17,113 selenium.webdriver.remote.remote_connection DEBUG DELETE http://127.0.0.1:41505/session/5ba80dcebcd77e355c1a5309f9b2d240 {}
2022-08-30 19:33:17,115 urllib3.connectionpool DEBUG http://127.0.0.1:41505 "DELETE /session/5ba80dcebcd77e355c1a5309f9b2d240 HTTP/1.1" 200 14
2022-08-30 19:33:17,116 selenium.webdriver.remote.remote_connection DEBUG Finished Request
